<?xml version="1.0" encoding="UTF-8"?>
<!-- Generated by org.testng.reporters.JUnitReportReporter -->
<testsuite hostname="Vaish" failures="0" tests="5" name="com.vaish.a4.Assignment4.ApiTest" time="3.328" errors="0" timestamp="2024-12-01T23:17:31 EST" skipped="0">
  <testcase classname="com.vaish.a4.Assignment4.ApiTest" name="testInvalidEndpoint" time="0.133"/>
  <system-out/>
  <testcase classname="com.vaish.a4.Assignment4.ApiTest" name="testGetRequest" time="0.098"/>
  <system-out/>
  <testcase classname="com.vaish.a4.Assignment4.ApiTest" name="testPostRequest" time="0.753"/>
  <system-out/>
  <testcase classname="com.vaish.a4.Assignment4.ApiTest" name="testAllPosts" time="2.211"/>
  <system-out/>
  <testcase classname="com.vaish.a4.Assignment4.ApiTest" name="testGetWithQueryParameters" time="0.133"/>
  <system-out/>
</testsuite> <!-- com.vaish.a4.Assignment4.ApiTest -->
